<?xml version="1.0" encoding="UTF-8" ?>
<testsuites name="vitest tests" tests="2" failures="0" errors="0" time="0.09511805">
    <testsuite name="test/app.test.ts" timestamp="2026-05-16T09:03:44.034Z" hostname="runnervmrw5os" tests="2" failures="0" errors="0" skipped="0" time="0.09511805">
        <testcase classname="test/app.test.ts" name="Fastify app &gt; GET /health returns ok status" time="0.09038696">
        </testcase>
        <testcase classname="test/app.test.ts" name="Fastify app &gt; GET / returns app message and version" time="0.002999324">
        </testcase>
    </testsuite>
</testsuites>
